<?xml version="1.0" encoding="UTF-8"?>
<testng-results skipped="0" failed="0" total="2" passed="2">
  <reporter-output>
  </reporter-output>
  <suite name="Suite" duration-ms="71638" started-at="2020-07-18T13:50:56Z" finished-at="2020-07-18T13:52:08Z">
    <groups>
      <group name="cucumber">
        <method signature="TestRunner.feature(cucumber.api.testng.CucumberFeatureWrapper)[pri:0, instance:test.TestRunner@56ac3a89]" name="feature" class="test.TestRunner"/>
      </group> <!-- cucumber -->
    </groups>
    <test name="Test" duration-ms="71638" started-at="2020-07-18T13:50:56Z" finished-at="2020-07-18T13:52:08Z">
      <class name="test.TestRunner">
        <test-method status="PASS" signature="setUpClass()[pri:0, instance:test.TestRunner@56ac3a89]" name="setUpClass" is-config="true" duration-ms="601" started-at="2020-07-18T19:20:56Z" finished-at="2020-07-18T19:20:57Z">
          <reporter-output>
          </reporter-output>
        </test-method> <!-- setUpClass -->
        <test-method status="PASS" signature="feature(cucumber.api.testng.CucumberFeatureWrapper)[pri:0, instance:test.TestRunner@56ac3a89]" name="feature" duration-ms="33876" started-at="2020-07-18T19:20:57Z" description="Runs Cucumber Feature" data-provider="features" finished-at="2020-07-18T19:21:31Z">
          <params>
            <param index="0">
              <value>
                <![CDATA[ELSC_014_015]]>
              </value>
            </param>
          </params>
          <reporter-output>
          </reporter-output>
        </test-method> <!-- feature -->
        <test-method status="PASS" signature="feature(cucumber.api.testng.CucumberFeatureWrapper)[pri:0, instance:test.TestRunner@56ac3a89]" name="feature" duration-ms="36993" started-at="2020-07-18T19:21:31Z" description="Runs Cucumber Feature" data-provider="features" finished-at="2020-07-18T19:22:08Z">
          <params>
            <param index="0">
              <value>
                <![CDATA[ELSC_014_015_Excel]]>
              </value>
            </param>
          </params>
          <reporter-output>
          </reporter-output>
        </test-method> <!-- feature -->
        <test-method status="PASS" signature="tearDownClass()[pri:0, instance:test.TestRunner@56ac3a89]" name="tearDownClass" is-config="true" duration-ms="26" started-at="2020-07-18T19:22:08Z" finished-at="2020-07-18T19:22:08Z">
          <reporter-output>
          </reporter-output>
        </test-method> <!-- tearDownClass -->
      </class> <!-- test.TestRunner -->
    </test> <!-- Test -->
  </suite> <!-- Suite -->
</testng-results>
